
         David Osagiede                               lab 7     220415    22555923
                                        call centre volumes for july - june

  operator  operator       jul    aug    sep    oct    nov    dec    jan    feb    mar    apr    may    jun    total    avg    rem
     #        name
    A12    JOHN            100    129     88     92    111     74     92    114    112     77    121     80     1190     99      2
    A14    ANNE             92    114    112     77    121     80    100    129     88     92    111     74     1190     99      2
    B10    ADAM              0      0      0      0      0      0    104    129     88     92      0      0      413     34      5
    B12    JOANNE          104    129     88     92      0      0     65      0     45     67     87    100      777     64      9
    B13    LEE             119    104     80     95    131     74     92    111     74     92    114    112     1198     99      0
    B14    MARGARET         90      0      0      0    120    121    112     77    121     80    100    129      950     79      2
    B35    NOAH              0      0      0      0      0      0      0      0      0      0      0      0        0   ZERO      0
    C09    SAM             102    102    129    120     99     98    129     88     92    111     74     92     1236    103      0
    C11    JOHNNY           88     87     43      0      0     50      0      1    201    211    120    771     1572    131      0
    C13    HELEN           130    131    140    112    125    126    102    102    129    120     99     98     1414    117      0
    C17    DOMINIC          99    100     99     99     99     99     11    212    512    610    210    212     2362    196      0
    C19    GERRY           120    118    120    110    110     94     10    112    109    813    411    910     3037    253      1
    C21    EARL            114      0    129      0    130    130     99     99     99     11    212    512     1535    127      1
    C22    AMANDA            0      0      0      0      0      0      0      0      0      0      0      0        0   ZERO      0
    C23    GEORGE            0      0    123      0      0      0     86      0      0      0    202      0      411     34      3
    C25    MELISSA         134    130    101    121     98    134    119    104     80     95    131     74     1321    110      1
    C27    JIM              65      0     45     67     87    100      0      0      0      0      0      0      364     30      4
    D10    THEO             80     95    131     74     92    111     74     92    114    112    131     74     1180     98      4
    D25    KIMMIE          129     88     92      0     21    291    200    990     74     92    114    112     2203    183      7
    E14    MARK             12    111    207    707    409    211    411    213    107    480    100    129     3097    258      1
    E52    JEREMY           65      0     45     67     87     41    290    880      4    506    708    710     3403    283      7

    Operators with calls        17   13   17   13   15   16   17   16   17   17   17   16

    Totals                 1643 1438 1772 1833 1840 1834 2096 3453 2049 3661 3045 8378

    Averages                00097 00111 00104 00141 00123 00115 00123 00216 00121 00215 00179 00524

      number of operators with no calls:     2

      number of months with no calls:        5

      month with the Highest Monthly Average:  Jun 12

      Operator with the Lowest Monthly Average:      A12 12

      Operator with the Highest Monthly Average:      E52 52

      overall total calls:                8378